<?xml version="1.0" encoding="UTF-8"?>
<!-- Generated by org.testng.reporters.JUnitReportReporter -->
<testsuite hostname="ameera-jayakumar-m" failures="0" tests="2" name="Grid3" time="13.133" errors="0" timestamp="2020-08-23T21:22:33 IST" skipped="0">
  <testcase classname="Grid3" name="sample" time="8.763"/>
  <system-out/>
  <testcase classname="Grid3" name="sample" time="4.370"/>
  <system-out/>
</testsuite> <!-- Grid3 -->
