<?xml version="1.0" encoding="UTF-8"?>
<!-- Generated by org.testng.reporters.JUnitReportReporter -->
<testsuite hostname="ameera-jayakumar-m" failures="0" tests="3" name="Grid2" time="17.208" errors="0" timestamp="2020-08-23T15:26:30 IST" skipped="0">
  <testcase classname="Grid2" name="sample" time="4.722"/>
  <system-out/>
  <testcase classname="Grid2" name="sample" time="8.117"/>
  <system-out/>
  <testcase classname="Grid2" name="sample" time="4.369"/>
  <system-out/>
</testsuite> <!-- Grid2 -->
